0 info it worked if it ends with ok
1 verbose cli [ 'node',
1 verbose cli   '/Users/hyang/.nvm/versions/node/v0.12.11/bin/npm',
1 verbose cli   'view',
1 verbose cli   'test' ]
2 info using npm@3.8.6
3 info using node@v0.12.11
4 silly mapToRegistry name test
5 silly mapToRegistry using default registry
6 silly mapToRegistry registry http://localhost:15443/
7 silly mapToRegistry data { raw: 'test',
7 silly mapToRegistry   scope: null,
7 silly mapToRegistry   name: 'test',
7 silly mapToRegistry   rawSpec: '',
7 silly mapToRegistry   spec: 'latest',
7 silly mapToRegistry   type: 'tag' }
8 silly mapToRegistry uri http://localhost:15443/test
9 verbose request uri http://localhost:15443/test
10 verbose request no auth needed
11 info attempt registry request try #1 at 1:39:29 PM
12 verbose request id 6922aa465bb49a23
13 http request GET http://localhost:15443/test
14 info retry will retry, error on last attempt: Error: connect ECONNREFUSED
15 info attempt registry request try #2 at 1:39:39 PM
16 http request GET http://localhost:15443/test
17 info retry will retry, error on last attempt: Error: connect ECONNREFUSED
18 info attempt registry request try #3 at 1:40:39 PM
19 http request GET http://localhost:15443/test
20 verbose stack Error: connect ECONNREFUSED
20 verbose stack     at exports._errnoException (util.js:746:11)
20 verbose stack     at TCPConnectWrap.afterConnect [as oncomplete] (net.js:1012:19)
21 verbose cwd /Users/hyang/Documents/workspace/Study/nodejs/nodeschool/how-to-npm
22 error Darwin 15.4.0
23 error argv "node" "/Users/hyang/.nvm/versions/node/v0.12.11/bin/npm" "view" "test"
24 error node v0.12.11
25 error npm  v3.8.6
26 error code ECONNREFUSED
27 error errno ECONNREFUSED
28 error syscall connect
29 error Error: connect ECONNREFUSED
29 error     at exports._errnoException (util.js:746:11)
29 error     at TCPConnectWrap.afterConnect [as oncomplete] (net.js:1012:19)
29 error  { [Error: connect ECONNREFUSED]
29 error   code: 'ECONNREFUSED',
29 error   errno: 'ECONNREFUSED',
29 error   syscall: 'connect' }
30 error If you are behind a proxy, please make sure that the
30 error 'proxy' config is set properly.  See: 'npm help config'
31 verbose exit [ 1, true ]
